{
  "RSpec": {
    "coverage": {
      "/home/server-admin/git/hub/rgrb/lib/rgrb/config.rb": {
        "lines": [
          null,
          null,
          1,
          null,
          1,
          null,
          1,
          null,
          null,
          1,
          null,
          null,
          1,
          null,
          null,
          1,
          null,
          null,
          1,
          null,
          null,
          1,
          null,
          1,
          null,
          null,
          null,
          1,
          9,
          2,
          null,
          null,
          7,
          null,
          null,
          null,
          null,
          null,
          null,
          1,
          3,
          3,
          null,
          3,
          3,
          3,
          3,
          3,
          null,
          null,
          3,
          null,
          null,
          null,
          null,
          null,
          null,
          null,
          1,
          9,
          9,
          9,
          9,
          9,
          null,
          9,
          22,
          null,
          null,
          null,
          null
        ],
        "branches": {
          "[:if, 0, 29, 8, 31, 11]": {
            "[:then, 1, 30, 10, 30, 92]": 2,
            "[:else, 2, 29, 8, 31, 11]": 7
          }
        }
      },
      "/home/server-admin/git/hub/rgrb/lib/rgrb/plugin/bcdice/generator.rb": {
        "lines": [
          null,
          null,
          null,
          1,
          null,
          1,
          1,
          null,
          1,
          1,
          1,
          null,
          1,
          1,
          null,
          1,
          null,
          null,
          null,
          null,
          null,
          1,
          null,
          null,
          null,
          null,
          null,
          null,
          1,
          null,
          null,
          1,
          null,
          1,
          14,
          14,
          null,
          14,
          3,
          null,
          11,
          106,
          null,
          null,
          11,
          null,
          null,
          null,
          null,
          1,
          7,
          8,
          null,
          7,
          null,
          7,
          2,
          null,
          5,
          14,
          null,
          null,
          5,
          null,
          null,
          null,
          null,
          1,
          7,
          null,
          7,
          8,
          null,
          null,
          null,
          7,
          null,
          7,
          2,
          null,
          5,
          14,
          14,
          null,
          14,
          null,
          null,
          5,
          null,
          null,
          null,
          1,
          null,
          null,
          null,
          null,
          null,
          1,
          61,
          null,
          null,
          null,
          null,
          1,
          1,
          null,
          1,
          9280,
          null,
          null,
          null,
          null,
          null,
          null,
          1,
          0,
          null,
          0,
          null,
          0,
          null,
          null,
          null,
          null,
          null,
          null,
          null,
          null,
          1,
          null,
          null,
          6,
          null,
          6,
          null,
          6,
          null,
          5,
          null,
          5,
          null,
          null,
          4,
          null,
          null,
          null,
          null,
          null,
          null,
          null,
          1,
          1,
          null,
          null,
          null,
          null,
          1,
          1,
          null,
          null,
          null,
          null,
          null,
          null,
          1,
          10,
          2890,
          null,
          null,
          10,
          null,
          10,
          null,
          null,
          null,
          null,
          null,
          null,
          1,
          18,
          18,
          5403,
          null,
          25,
          3,
          null,
          22,
          null,
          null,
          null,
          18,
          null,
          18,
          null,
          null,
          null,
          null,
          null
        ],
        "branches": {
          "[:if, 0, 38, 10, 46, 13]": {
            "[:then, 1, 39, 12, 39, 55]": 3,
            "[:else, 2, 41, 12, 45, 32]": 11
          },
          "[:if, 3, 56, 10, 64, 13]": {
            "[:then, 4, 57, 12, 57, 55]": 2,
            "[:else, 5, 59, 12, 63, 32]": 5
          },
          "[:if, 6, 78, 10, 89, 13]": {
            "[:then, 7, 79, 12, 79, 55]": 2,
            "[:else, 8, 81, 12, 88, 46]": 5
          },
          "[:unless, 9, 136, 10, 136, 58]": {
            "[:else, 10, 136, 10, 136, 58]": 5,
            "[:then, 11, 136, 10, 136, 42]": 1
          },
          "[:unless, 12, 140, 10, 140, 72]": {
            "[:else, 13, 140, 10, 140, 72]": 4,
            "[:then, 14, 140, 10, 140, 58]": 1
          },
          "[:if, 15, 184, 12, 188, 15]": {
            "[:then, 16, 185, 14, 185, 28]": 3,
            "[:else, 17, 187, 14, 187, 22]": 22
          }
        }
      },
      "/home/server-admin/git/hub/rgrb/lib/rgrb/plugin_base/generator.rb": {
        "lines": [
          null,
          null,
          1,
          1,
          null,
          1,
          1,
          1,
          null,
          null,
          1,
          null,
          null,
          null,
          null,
          null,
          1,
          null,
          null,
          null,
          null,
          1,
          null,
          null,
          1,
          null,
          null,
          1,
          null,
          null,
          null,
          null,
          1,
          112,
          112,
          112,
          null,
          null,
          null,
          null,
          null,
          1,
          12,
          12,
          null,
          12,
          null,
          null,
          null,
          null,
          null,
          null,
          1,
          5,
          null,
          null,
          null,
          null
        ],
        "branches": {}
      },
      "/home/server-admin/git/hub/rgrb/lib/rgrb/plugin/bcdice/constants.rb": {
        "lines": [
          null,
          null,
          1,
          1,
          1,
          null,
          1,
          null,
          null,
          1,
          null,
          1,
          null,
          null,
          1,
          null,
          null,
          null
        ],
        "branches": {}
      },
      "/home/server-admin/git/hub/rgrb/lib/rgrb/plugin/bcdice/errors.rb": {
        "lines": [
          null,
          null,
          1,
          1,
          1,
          null,
          1,
          null,
          1,
          null,
          null,
          null,
          1,
          1,
          null,
          1,
          null,
          null,
          null,
          null,
          1,
          null,
          1,
          null,
          1,
          null,
          null,
          null,
          null,
          1,
          1,
          null,
          1,
          1,
          null,
          null,
          null,
          null,
          null
        ],
        "branches": {}
      },
      "/home/server-admin/git/hub/rgrb/lib/rgrb/plugin/dice_roll/dice_roll_result.rb": {
        "lines": [
          null,
          null,
          1,
          1,
          1,
          1,
          null,
          null,
          1,
          null,
          null,
          1,
          null,
          null,
          1,
          null,
          null,
          1,
          null,
          null,
          null,
          1,
          69,
          69,
          69,
          null,
          69,
          null,
          null,
          1,
          8,
          null,
          null,
          1,
          5,
          null,
          null,
          1,
          5,
          null,
          null,
          null,
          null,
          null
        ],
        "branches": {}
      },
      "/home/server-admin/git/hub/rgrb/lib/rgrb/plugin/dice_roll/generator.rb": {
        "lines": [
          null,
          null,
          1,
          1,
          null,
          1,
          1,
          1,
          null,
          1,
          1,
          null,
          null,
          null,
          1,
          null,
          1,
          1,
          null,
          null,
          null,
          1,
          1,
          null,
          null,
          1,
          15,
          null,
          15,
          15,
          null,
          null,
          null,
          null,
          1,
          4,
          null,
          4,
          4,
          null,
          3,
          null,
          3,
          null,
          null,
          null,
          null,
          null,
          null,
          1,
          5,
          2,
          null,
          3,
          null,
          null,
          null,
          null,
          1,
          0,
          null,
          null,
          null,
          null,
          null,
          1,
          3,
          1,
          null,
          2,
          2,
          null,
          null,
          null,
          null,
          1,
          0,
          null,
          null,
          null,
          null,
          null,
          null,
          1,
          2,
          2,
          2,
          2,
          2,
          null,
          null,
          null,
          null,
          null,
          null,
          null,
          1,
          2,
          2,
          2,
          1,
          null,
          null,
          null,
          null,
          null,
          null,
          null,
          null,
          null,
          1,
          100206,
          34,
          null,
          null,
          null,
          null,
          null,
          1,
          83,
          256,
          83,
          null,
          null,
          null,
          null,
          null,
          null,
          1,
          0,
          null,
          null,
          1,
          null,
          null,
          null,
          1,
          4,
          null,
          3,
          null,
          1,
          null,
          1,
          null,
          null,
          null,
          null,
          null,
          null,
          1,
          3,
          0,
          null,
          3,
          null,
          null,
          null,
          null,
          null,
          null
        ],
        "branches": {
          "[:if, 0, 51, 10, 55, 13]": {
            "[:then, 1, 52, 12, 52, 50]": 2,
            "[:else, 2, 54, 12, 54, 52]": 3
          },
          "[:if, 3, 67, 10, 72, 13]": {
            "[:then, 4, 68, 12, 68, 42]": 1,
            "[:else, 5, 70, 12, 71, 68]": 2
          },
          "[:if, 6, 87, 22, 87, 71]": {
            "[:then, 7, 87, 44, 87, 66]": 1,
            "[:else, 8, 87, 69, 87, 71]": 1
          },
          "[:if, 9, 100, 14, 102, 17]": {
            "[:then, 10, 101, 16, 101, 45]": 1,
            "[:else, 11, 100, 14, 102, 17]": 1
          },
          "[:unless, 12, 138, 10, 146, 13]": {
            "[:else, 13, 142, 12, 145, 15]": 1,
            "[:then, 14, 140, 12, 140, 38]": 3
          },
          "[:unless, 15, 142, 12, 145, 15]": {
            "[:else, 16, 142, 12, 145, 15]": 0,
            "[:then, 17, 144, 14, 144, 43]": 1
          },
          "[:if, 18, 152, 10, 156, 13]": {
            "[:then, 19, 153, 12, 153, 37]": 0,
            "[:else, 20, 155, 12, 155, 31]": 3
          }
        }
      },
      "/home/server-admin/git/hub/rgrb/lib/rgrb/plugin/fetch_news_wordpress_api/generator.rb": {
        "lines": [
          null,
          null,
          1,
          1,
          1,
          1,
          1,
          null,
          1,
          1,
          null,
          1,
          null,
          1,
          1,
          null,
          null,
          null,
          null,
          1,
          0,
          null,
          0,
          null,
          0,
          null,
          null,
          null,
          null,
          null,
          1,
          3,
          3,
          null,
          3,
          null,
          null,
          null,
          null,
          1,
          0,
          null,
          0,
          null,
          null,
          null,
          0,
          null,
          0,
          null,
          0,
          null,
          null,
          1,
          null,
          null,
          null,
          null,
          1,
          3,
          3,
          null,
          3,
          3,
          null,
          null,
          null,
          null,
          null,
          1,
          3,
          null,
          null,
          null,
          null,
          null,
          1,
          3,
          null,
          null,
          1,
          3,
          3,
          3,
          null,
          null,
          null,
          null,
          null,
          1,
          0,
          0,
          null,
          null,
          0,
          null,
          null,
          null,
          null,
          1,
          0,
          0,
          null,
          null,
          null,
          null,
          null,
          null
        ],
        "branches": {
          "[:if, 0, 64, 10, 64, 61]": {
            "[:then, 1, 64, 10, 64, 30]": 3,
            "[:else, 2, 64, 10, 64, 61]": 0
          }
        }
      },
      "/home/server-admin/git/hub/rgrb/lib/rgrb/plugin/keyword/generator.rb": {
        "lines": [
          null,
          null,
          1,
          1,
          null,
          1,
          1,
          null,
          1,
          null,
          1,
          1,
          null,
          null,
          null,
          1,
          null,
          null,
          1,
          null,
          4,
          null,
          null,
          null,
          null,
          null,
          null,
          1,
          4,
          null,
          null,
          4,
          null,
          4,
          null,
          null,
          null,
          null,
          1,
          2,
          2,
          null,
          null,
          null,
          null,
          null,
          1,
          2,
          2,
          null,
          null,
          null,
          null,
          null
        ],
        "branches": {}
      },
      "/home/server-admin/git/hub/rgrb/lib/rgrb/plugin/online_session_search/generator.rb": {
        "lines": [
          null,
          null,
          1,
          1,
          1,
          null,
          1,
          1,
          null,
          1,
          1,
          null,
          1,
          null,
          1,
          1,
          null,
          null,
          1,
          null,
          1,
          2,
          null,
          2,
          null,
          null,
          1,
          null,
          2,
          null,
          null,
          2,
          null,
          2,
          null,
          null,
          1,
          null,
          1,
          13,
          6,
          6,
          null,
          null,
          1,
          9,
          6,
          null,
          3,
          null,
          4,
          2,
          null,
          2,
          null,
          null,
          4,
          null,
          null,
          null,
          null,
          4,
          null,
          null,
          null,
          null,
          null,
          null,
          null,
          null
        ],
        "branches": {
          "[:if, 0, 46, 10, 65, 13]": {
            "[:then, 1, 47, 12, 47, 85]": 6,
            "[:else, 2, 49, 12, 64, 15]": 3
          },
          "[:if, 3, 51, 16, 55, 19]": {
            "[:then, 4, 52, 18, 52, 45]": 2,
            "[:else, 5, 54, 18, 54, 68]": 2
          }
        }
      },
      "/home/server-admin/git/hub/rgrb/lib/rgrb/plugin/online_session_search/session.rb": {
        "lines": [
          null,
          null,
          1,
          1,
          null,
          1,
          1,
          1,
          null,
          1,
          null,
          null,
          1,
          null,
          null,
          1,
          null,
          null,
          1,
          null,
          null,
          1,
          null,
          null,
          1,
          null,
          null,
          1,
          null,
          null,
          1,
          null,
          null,
          1,
          null,
          null,
          1,
          null,
          null,
          1,
          null,
          null,
          null,
          null,
          null,
          null,
          1,
          8,
          8,
          4,
          null,
          null,
          null,
          null,
          null,
          null,
          null,
          null,
          null,
          null,
          null,
          null,
          null,
          null,
          null,
          null,
          null,
          null,
          null,
          null,
          null,
          null,
          null,
          null,
          null,
          null,
          1,
          null,
          26,
          null,
          null,
          null,
          null,
          null,
          null,
          null,
          null,
          null,
          null,
          26,
          null,
          26,
          26,
          26,
          26,
          26,
          26,
          26,
          26,
          26,
          26,
          null,
          null,
          null,
          null,
          null
        ],
        "branches": {}
      },
      "/home/server-admin/git/hub/rgrb/lib/rgrb/plugin_base/adapter.rb": {
        "lines": [
          null,
          null,
          1,
          1,
          null,
          1,
          1,
          null,
          null,
          null,
          1,
          10,
          10,
          10,
          10,
          null,
          10,
          10,
          null,
          null,
          null,
          null,
          null,
          null,
          10,
          null,
          10,
          null,
          10,
          null,
          null,
          null,
          null
        ],
        "branches": {}
      },
      "/home/server-admin/git/hub/rgrb/lib/rgrb/plugin_base/adapter_options.rb": {
        "lines": [
          null,
          null,
          1,
          1,
          null,
          1,
          null,
          null,
          null,
          null,
          null,
          null,
          null,
          null,
          null,
          null,
          null,
          null,
          null,
          null
        ],
        "branches": {}
      },
      "/home/server-admin/git/hub/rgrb/lib/rgrb/plugin_base/irc_adapter.rb": {
        "lines": [
          null,
          null,
          1,
          1,
          null,
          1,
          1,
          1,
          null,
          1,
          4,
          4,
          null,
          null,
          null,
          null,
          null,
          null,
          null,
          null,
          null,
          null,
          null,
          1,
          0,
          0,
          null,
          0,
          0,
          0,
          null,
          0,
          0,
          null,
          0,
          null,
          null,
          0,
          null,
          null,
          null,
          null,
          null,
          null,
          null,
          null,
          null,
          null,
          null,
          null,
          1,
          0,
          0,
          null,
          null,
          null,
          null,
          null,
          1,
          0,
          null,
          null,
          null,
          null,
          null,
          null,
          1,
          0,
          null,
          null,
          null,
          null,
          null,
          1,
          0,
          null,
          null,
          null,
          null,
          null,
          null,
          1,
          0,
          null,
          null,
          1,
          null,
          null,
          null,
          1,
          5,
          null,
          null,
          null,
          null,
          null,
          null,
          null,
          null,
          1,
          0,
          null,
          0,
          null,
          0,
          null,
          0,
          null,
          0,
          null,
          null,
          null,
          null,
          null,
          null,
          null,
          null,
          1,
          0,
          null,
          0,
          null,
          0,
          null,
          0,
          null,
          null,
          null,
          null,
          null
        ],
        "branches": {
          "[:if, 0, 25, 8, 25, 66]": {
            "[:then, 1, 25, 8, 25, 37]": 0,
            "[:else, 2, 25, 8, 25, 66]": 0
          },
          "[:if, 3, 32, 12, 36, 15]": {
            "[:then, 4, 33, 14, 33, 45]": 0,
            "[:else, 5, 35, 14, 35, 40]": 0
          },
          "[:case, 6, 101, 8, 110, 11]": {
            "[:when, 7, 103, 10, 103, 55]": 0,
            "[:when, 8, 105, 10, 105, 19]": 0,
            "[:when, 9, 107, 10, 107, 58]": 0,
            "[:else, 10, 109, 10, 109, 39]": 0
          },
          "[:case, 11, 119, 8, 126, 11]": {
            "[:when, 12, 121, 10, 121, 24]": 0,
            "[:when, 13, 123, 10, 123, 16]": 0,
            "[:else, 14, 125, 10, 125, 38]": 0
          }
        }
      },
      "/home/server-admin/git/hub/rgrb/lib/rgrb/plugin_base/discord_adapter.rb": {
        "lines": [
          null,
          null,
          1,
          null,
          1,
          1,
          1,
          1,
          null,
          1,
          null,
          1,
          null,
          1,
          null,
          1,
          null,
          null,
          null,
          null,
          1,
          1,
          1,
          null,
          0,
          null,
          null,
          null,
          null,
          null,
          null,
          null,
          null,
          null,
          null,
          null,
          1,
          null,
          null,
          null,
          null,
          null,
          null,
          null,
          null,
          null,
          1,
          1,
          1,
          1,
          1,
          1,
          null,
          null,
          null,
          null,
          null,
          null,
          1,
          0,
          null,
          0,
          0,
          null,
          null,
          0,
          null,
          0,
          null,
          null,
          null,
          null,
          null,
          null,
          null,
          null,
          null,
          null,
          null,
          null,
          1,
          0,
          null,
          null,
          null,
          null,
          null,
          null,
          null,
          0,
          null,
          null,
          null,
          null,
          null,
          null,
          null,
          null,
          null,
          null,
          null,
          0,
          null,
          0,
          null,
          null,
          null,
          null,
          null,
          null,
          null,
          null,
          null,
          null,
          null,
          1,
          0,
          null,
          null,
          null,
          null,
          null,
          null,
          null,
          0,
          null,
          null,
          null,
          null,
          null,
          null,
          null,
          null,
          null,
          null,
          null,
          0,
          null,
          0,
          null,
          null,
          null,
          1,
          null,
          null,
          1,
          1,
          1,
          null,
          null,
          null,
          null,
          null,
          null,
          null,
          1,
          0,
          0,
          0,
          0,
          0,
          null,
          0,
          null,
          null,
          1,
          null,
          null,
          null,
          1,
          0,
          0,
          null,
          0,
          0,
          0,
          0,
          null,
          0,
          null,
          0,
          0,
          null,
          null,
          0,
          0,
          null,
          null,
          0,
          null,
          null,
          null,
          null,
          null,
          null,
          null,
          null,
          null,
          1,
          0,
          0,
          0,
          null,
          0,
          null,
          0,
          null,
          0,
          null,
          null,
          0,
          null,
          null,
          null,
          null,
          null,
          null,
          1,
          0,
          null,
          0,
          0,
          null,
          null,
          0,
          0,
          null,
          null,
          null,
          null,
          null,
          null,
          null,
          1,
          0,
          null,
          0,
          null,
          0,
          null,
          0,
          null,
          null,
          0,
          0,
          0,
          null,
          null,
          null,
          null,
          null,
          null,
          null,
          1,
          0,
          null,
          null,
          null,
          null,
          null,
          null,
          1,
          0,
          null,
          null,
          1,
          0,
          null,
          null,
          1,
          null,
          0,
          null,
          null,
          null,
          null,
          null,
          1,
          0,
          null,
          null,
          null,
          null,
          null,
          1,
          0,
          null,
          null,
          null,
          null,
          null,
          1,
          0,
          null,
          null,
          1,
          null,
          null,
          null,
          1,
          5,
          null,
          null,
          null,
          null
        ],
        "branches": {
          "[:if, 0, 22, 10, 26, 13]": {
            "[:then, 1, 23, 12, 23, 62]": 1,
            "[:else, 2, 25, 12, 25, 35]": 0
          },
          "[:case, 3, 60, 10, 69, 13]": {
            "[:when, 4, 62, 12, 64, 15]": 0,
            "[:when, 5, 66, 12, 66, 50]": 0,
            "[:else, 6, 68, 12, 68, 31]": 0
          },
          "[:if, 7, 175, 20, 175, 71]": {
            "[:then, 8, 175, 41, 175, 65]": 0,
            "[:else, 9, 175, 68, 175, 71]": 0
          },
          "[:if, 10, 176, 20, 176, 71]": {
            "[:then, 11, 176, 41, 176, 65]": 0,
            "[:else, 12, 176, 68, 176, 71]": 0
          },
          "[:case, 13, 179, 10, 190, 13]": {
            "[:when, 14, 181, 12, 183, 15]": 0,
            "[:when, 15, 185, 12, 187, 15]": 0,
            "[:else, 16, 189, 12, 189, 79]": 0
          },
          "[:if, 17, 219, 8, 219, 60]": {
            "[:then, 18, 219, 8, 219, 32]": 0,
            "[:else, 19, 219, 8, 219, 60]": 0
          },
          "[:case, 20, 235, 18, 242, 11]": {
            "[:when, 21, 237, 10, 237, 25]": 0,
            "[:when, 22, 239, 10, 239, 25]": 0,
            "[:else, 23, 241, 10, 241, 17]": 0
          }
        }
      },
      "/home/server-admin/git/hub/rgrb/lib/rgrb/plugin/random_generator/constants.rb": {
        "lines": [
          null,
          null,
          1,
          1,
          1,
          null,
          1,
          null,
          1,
          null,
          1,
          null,
          1,
          null,
          null,
          null
        ],
        "branches": {}
      },
      "/home/server-admin/git/hub/rgrb/lib/rgrb/plugin/random_generator/generator.rb": {
        "lines": [
          null,
          null,
          1,
          1,
          1,
          1,
          1,
          null,
          1,
          1,
          null,
          1,
          null,
          1,
          1,
          null,
          null,
          1,
          null,
          1,
          19,
          null,
          19,
          null,
          null,
          null,
          null,
          null,
          null,
          null,
          1,
          0,
          null,
          0,
          null,
          0,
          null,
          null,
          null,
          null,
          null,
          null,
          null,
          null,
          1,
          0,
          null,
          null,
          null,
          null,
          null,
          null,
          1,
          3,
          null,
          2,
          null,
          null,
          null,
          null,
          null,
          null,
          1,
          3,
          null,
          null,
          2,
          null,
          null,
          null,
          2,
          null,
          2,
          null,
          1,
          null,
          null,
          1,
          null,
          2,
          null,
          2,
          null,
          null,
          null,
          null,
          1,
          0,
          0,
          null,
          null,
          null,
          null,
          null,
          null,
          1,
          null,
          19,
          null,
          19,
          null,
          209,
          209,
          null,
          209,
          null,
          0,
          0,
          null,
          null,
          null,
          null,
          1,
          null,
          null,
          null,
          null,
          null,
          null,
          1,
          322,
          320,
          null,
          319,
          null,
          null,
          null,
          null,
          null,
          null,
          1,
          104,
          104,
          null,
          104,
          null,
          114,
          null,
          114,
          216,
          null,
          216,
          null,
          1,
          1,
          null,
          null,
          215,
          null,
          215,
          null,
          null,
          null,
          null,
          null,
          113,
          113,
          null,
          null,
          null,
          103,
          null,
          null,
          null,
          null,
          null,
          null,
          1,
          328,
          null,
          324,
          null,
          null,
          null,
          null,
          null,
          null,
          1,
          1,
          null,
          0,
          null,
          null,
          null,
          null,
          null,
          1,
          5,
          null,
          null,
          null,
          null,
          null
        ],
        "branches": {
          "[:if, 0, 73, 12, 79, 15]": {
            "[:then, 1, 75, 16, 75, 52]": 1,
            "[:else, 2, 78, 14, 78, 16]": 1
          },
          "[:if, 3, 122, 10, 122, 49]": {
            "[:then, 4, 122, 10, 122, 41]": 1,
            "[:else, 5, 122, 10, 122, 49]": 319
          },
          "[:while, 6, 135, 10, 159, 13]": {
            "[:body, 7, 137, 12, 158, 15]": 114
          },
          "[:if, 8, 142, 14, 146, 17]": {
            "[:then, 9, 144, 16, 145, 28]": 1,
            "[:else, 10, 142, 14, 146, 17]": 215
          },
          "[:unless, 11, 169, 10, 169, 72]": {
            "[:else, 12, 169, 10, 169, 72]": 324,
            "[:then, 13, 169, 10, 169, 41]": 4
          },
          "[:unless, 14, 179, 10, 179, 74]": {
            "[:else, 15, 179, 10, 179, 74]": 0,
            "[:then, 16, 179, 10, 179, 40]": 1
          }
        }
      },
      "/home/server-admin/git/hub/rgrb/lib/rgrb/plugin/random_generator/table.rb": {
        "lines": [
          1,
          1,
          null,
          1,
          1,
          1,
          null,
          null,
          null,
          null,
          1,
          null,
          null,
          1,
          null,
          null,
          1,
          null,
          null,
          1,
          null,
          null,
          1,
          null,
          null,
          1,
          null,
          null,
          1,
          null,
          null,
          1,
          null,
          null,
          null,
          null,
          1,
          225,
          null,
          225,
          225,
          225,
          225,
          225,
          225,
          225,
          null,
          225,
          450,
          null,
          450,
          null,
          95,
          null,
          355,
          null,
          0,
          null,
          null,
          null,
          225,
          null,
          null,
          null,
          null,
          null,
          null,
          null,
          null,
          null,
          null,
          null,
          null,
          null,
          null,
          null,
          null,
          null,
          null,
          null,
          null,
          null,
          null,
          null,
          1,
          225,
          null,
          225,
          225,
          null,
          225,
          225,
          225,
          225,
          225,
          225,
          225,
          null,
          null,
          null,
          null,
          1,
          3,
          null,
          null,
          null,
          null,
          1,
          319,
          null,
          null,
          null,
          null,
          null
        ],
        "branches": {
          "[:case, 0, 51, 12, 58, 15]": {
            "[:when, 1, 53, 14, 53, 17]": 95,
            "[:when, 2, 55, 14, 55, 19]": 355,
            "[:else, 3, 57, 14, 57, 31]": 0
          }
        }
      },
      "/home/server-admin/git/hub/rgrb/lib/rgrb/plugin/random_generator/table_not_found.rb": {
        "lines": [
          null,
          null,
          1,
          1,
          1,
          null,
          1,
          null,
          null,
          1,
          null,
          null,
          null,
          null,
          1,
          4,
          4,
          null,
          null,
          4,
          null,
          4,
          null,
          null,
          null,
          null,
          null
        ],
        "branches": {
          "[:if, 0, 16, 10, 18, 13]": {
            "[:then, 1, 17, 12, 17, 67]": 4,
            "[:else, 2, 16, 10, 18, 13]": 0
          }
        }
      },
      "/home/server-admin/git/hub/rgrb/lib/rgrb/plugin/random_generator/private_table.rb": {
        "lines": [
          null,
          null,
          1,
          1,
          1,
          null,
          1,
          null,
          null,
          1,
          null,
          null,
          null,
          null,
          1,
          1,
          1,
          null,
          null,
          1,
          null,
          1,
          null,
          null,
          null,
          null,
          null
        ],
        "branches": {
          "[:if, 0, 16, 10, 18, 13]": {
            "[:then, 1, 17, 12, 17, 61]": 1,
            "[:else, 2, 16, 10, 18, 13]": 0
          }
        }
      },
      "/home/server-admin/git/hub/rgrb/lib/rgrb/plugin/server_connection_report/atheme_services/irc_adapter.rb": {
        "lines": [
          null,
          null,
          1,
          1,
          1,
          null,
          1,
          1,
          1,
          null,
          1,
          null,
          1,
          1,
          null,
          null,
          1,
          null,
          null,
          1,
          null,
          null,
          1,
          null,
          1,
          1,
          null,
          1,
          1,
          null,
          1,
          0,
          null,
          0,
          null,
          null,
          null,
          null,
          null,
          null,
          1,
          0,
          null,
          null,
          null,
          null,
          null,
          null,
          1,
          0,
          null,
          null,
          null,
          null,
          null,
          null
        ],
        "branches": {
          "[:if, 0, 42, 13, 42, 81]": {
            "[:then, 1, 42, 13, 42, 37]": 0,
            "[:else, 2, 42, 13, 42, 81]": 0
          },
          "[:if, 3, 50, 12, 50, 90]": {
            "[:then, 4, 50, 12, 50, 51]": 0,
            "[:else, 5, 50, 12, 50, 90]": 0
          }
        }
      },
      "/home/server-admin/git/hub/rgrb/lib/rgrb/plugin/server_connection_report/constants.rb": {
        "lines": [
          null,
          null,
          1,
          1,
          1,
          null,
          null,
          null,
          null,
          1,
          null,
          null,
          null,
          null
        ],
        "branches": {}
      },
      "/home/server-admin/git/hub/rgrb/lib/rgrb/plugin/server_connection_report/irc_adapter_methods.rb": {
        "lines": [
          null,
          null,
          1,
          1,
          1,
          null,
          1,
          1,
          1,
          null,
          null,
          1,
          null,
          1,
          3,
          null,
          null,
          1,
          null,
          null,
          null,
          1,
          0,
          0,
          null,
          0,
          null,
          0,
          0,
          0,
          0,
          0,
          0,
          0,
          null,
          null,
          null,
          0,
          null,
          0,
          null,
          null,
          0,
          null,
          null,
          null,
          null,
          null,
          null,
          null,
          null,
          null,
          1,
          0,
          0,
          0,
          null,
          0,
          0,
          null,
          null,
          null,
          null,
          0,
          null,
          null,
          0,
          null,
          null,
          null,
          null,
          null,
          null,
          null,
          null,
          null,
          null,
          1,
          0,
          0,
          null,
          0,
          0,
          null,
          null,
          null,
          null,
          null,
          0,
          null,
          null,
          0,
          null,
          null,
          null,
          null,
          null,
          null,
          null,
          null,
          null,
          null,
          null,
          1,
          0,
          null,
          0,
          null,
          0,
          0,
          0,
          null,
          0,
          null,
          null,
          null,
          null,
          null
        ],
        "branches": {
          "[:if, 0, 29, 10, 41, 13]": {
            "[:then, 1, 30, 12, 38, 50]": 0,
            "[:else, 2, 40, 12, 40, 53]": 0
          },
          "[:if, 3, 58, 10, 65, 13]": {
            "[:then, 4, 59, 12, 64, 24]": 0,
            "[:else, 5, 58, 10, 65, 13]": 0
          },
          "[:if, 6, 82, 10, 90, 13]": {
            "[:then, 7, 83, 12, 89, 24]": 0,
            "[:else, 8, 82, 10, 90, 13]": 0
          },
          "[:unless, 9, 105, 10, 105, 44]": {
            "[:else, 10, 105, 10, 105, 44]": 0,
            "[:then, 11, 105, 10, 105, 21]": 0
          }
        }
      },
      "/home/server-admin/git/hub/rgrb/lib/rgrb/plugin/server_connection_report/generator.rb": {
        "lines": [
          null,
          null,
          1,
          1,
          null,
          1,
          null,
          1,
          null,
          null,
          null,
          null,
          1,
          2,
          2,
          null,
          null,
          null,
          null,
          null,
          null,
          1,
          2,
          2,
          null,
          null,
          null,
          null,
          null
        ],
        "branches": {
          "[:if, 0, 15, 10, 15, 63]": {
            "[:then, 1, 15, 20, 15, 49]": 1,
            "[:else, 2, 15, 52, 15, 63]": 1
          },
          "[:if, 3, 24, 10, 24, 63]": {
            "[:then, 4, 24, 20, 24, 49]": 1,
            "[:else, 5, 24, 52, 24, 63]": 1
          }
        }
      },
      "/home/server-admin/git/hub/rgrb/lib/rgrb/plugin/server_connection_report/mail_generator.rb": {
        "lines": [
          null,
          null,
          null,
          1,
          1,
          null,
          1,
          1,
          1,
          null,
          1,
          1,
          null,
          1,
          null,
          1,
          1,
          null,
          null,
          1,
          null,
          null,
          null,
          1,
          null,
          null,
          1,
          null,
          null,
          null,
          1,
          null,
          null,
          1,
          null,
          null,
          1,
          null,
          null,
          null,
          1,
          null,
          null,
          1,
          34,
          null,
          34,
          34,
          null,
          34,
          34,
          34,
          null,
          34,
          34,
          null,
          null,
          null,
          null,
          null,
          1,
          4,
          4,
          4,
          4,
          4,
          20,
          null,
          null,
          4,
          4,
          null,
          null,
          4,
          null,
          null,
          null,
          null,
          null,
          1,
          23,
          null,
          null,
          23,
          23,
          2,
          null,
          null,
          21,
          null,
          null,
          21,
          null,
          21,
          2,
          null,
          null,
          19,
          null,
          19,
          null,
          null,
          null,
          null,
          null,
          null,
          1,
          18,
          null,
          null,
          18,
          null,
          2,
          null,
          null,
          2,
          null,
          null,
          16,
          null,
          16,
          null,
          null,
          null,
          null,
          null,
          null,
          1,
          3,
          null,
          null,
          1,
          null,
          null,
          null,
          null,
          1,
          null,
          null,
          null,
          null,
          null,
          null,
          null,
          null,
          null,
          null,
          1,
          null,
          10,
          null,
          null,
          null,
          null,
          null,
          null,
          null,
          null,
          null,
          null,
          10,
          10,
          10,
          10,
          null,
          null,
          10,
          null,
          null,
          null,
          30,
          null,
          null,
          10,
          null,
          null,
          1,
          null,
          null,
          null,
          null,
          1,
          4,
          20,
          null,
          null,
          null,
          null,
          null,
          null
        ],
        "branches": {
          "[:if, 0, 63, 10, 72, 13]": {
            "[:then, 1, 64, 12, 71, 40]": 4,
            "[:else, 2, 63, 10, 72, 13]": 0
          },
          "[:if, 3, 65, 12, 68, 15]": {
            "[:then, 4, 66, 14, 67, 48]": 4,
            "[:else, 5, 65, 12, 68, 15]": 0
          },
          "[:if, 6, 71, 12, 71, 40]": {
            "[:then, 7, 71, 12, 71, 27]": 3,
            "[:else, 8, 71, 12, 71, 40]": 1
          },
          "[:unless, 9, 85, 10, 87, 13]": {
            "[:else, 10, 85, 10, 87, 13]": 21,
            "[:then, 11, 86, 12, 86, 76]": 2
          },
          "[:if, 12, 94, 10, 96, 13]": {
            "[:then, 13, 95, 12, 95, 76]": 2,
            "[:else, 14, 94, 10, 96, 13]": 19
          }
        }
      },
      "/home/server-admin/git/hub/rgrb/lib/rgrb/version.rb": {
        "lines": [
          null,
          null,
          1,
          null,
          1,
          null,
          null,
          null,
          null,
          null,
          1,
          1,
          null,
          null,
          0,
          null,
          null,
          null,
          1,
          null
        ],
        "branches": {
          "[:if, 0, 19, 27, 19, 83]": {
            "[:then, 1, 19, 46, 19, 53]": 0,
            "[:else, 2, 19, 56, 19, 83]": 1
          }
        }
      },
      "/home/server-admin/git/hub/rgrb/lib/rgrb/plugin/server_connection_report/charybdis/irc_adapter.rb": {
        "lines": [
          null,
          null,
          1,
          1,
          null,
          1,
          1,
          1,
          null,
          null,
          null,
          null,
          null,
          null,
          null,
          null,
          1,
          null,
          1,
          1,
          null,
          null,
          null,
          1,
          null,
          null,
          null,
          1,
          null,
          1,
          1,
          1,
          null,
          1,
          1,
          null,
          null,
          1,
          null,
          null,
          1,
          0,
          null,
          0,
          null,
          null,
          null,
          null,
          null,
          null,
          null,
          null,
          null,
          1,
          0,
          null,
          null,
          null,
          null,
          null,
          null,
          null,
          null,
          null,
          null,
          1,
          0,
          null,
          null,
          null,
          null,
          null,
          null
        ],
        "branches": {
          "[:if, 0, 55, 12, 55, 48]": {
            "[:then, 1, 55, 12, 55, 36]": 0,
            "[:else, 2, 55, 12, 55, 48]": 0
          },
          "[:if, 3, 67, 12, 67, 63]": {
            "[:then, 4, 67, 12, 67, 51]": 0,
            "[:else, 5, 67, 12, 67, 63]": 0
          }
        }
      },
      "/home/server-admin/git/hub/rgrb/lib/rgrb/plugin/server_connection_report/ngircd/irc_adapter.rb": {
        "lines": [
          null,
          null,
          1,
          1,
          1,
          null,
          1,
          1,
          1,
          null,
          1,
          null,
          1,
          1,
          null,
          null,
          1,
          null,
          null,
          1,
          null,
          null,
          1,
          null,
          null,
          1,
          null,
          1,
          1,
          null,
          1,
          1,
          null,
          1,
          0,
          null,
          0,
          null,
          null,
          null,
          null,
          null,
          null,
          1,
          0,
          null,
          null,
          null,
          null,
          null,
          null,
          1,
          0,
          null,
          null,
          null,
          null,
          null,
          null
        ],
        "branches": {
          "[:if, 0, 45, 12, 45, 75]": {
            "[:then, 1, 45, 12, 45, 36]": 0,
            "[:else, 2, 45, 12, 45, 75]": 0
          },
          "[:if, 3, 53, 12, 53, 90]": {
            "[:then, 4, 53, 12, 53, 51]": 0,
            "[:else, 5, 53, 12, 53, 90]": 0
          }
        }
      },
      "/home/server-admin/git/hub/rgrb/lib/rgrb/plugin/url_fetch_title/generator.rb": {
        "lines": [
          null,
          null,
          1,
          1,
          1,
          1,
          1,
          1,
          1,
          1,
          1,
          1,
          null,
          1,
          1,
          null,
          1,
          null,
          null,
          null,
          null,
          null,
          null,
          null,
          null,
          null,
          null,
          null,
          null,
          1,
          1,
          null,
          null,
          null,
          null,
          1,
          null,
          17,
          null,
          17,
          null,
          17,
          null,
          17,
          null,
          17,
          null,
          17,
          null,
          17,
          null,
          17,
          null,
          17,
          null,
          17,
          null,
          null,
          null,
          null,
          null,
          null,
          1,
          null,
          null,
          18,
          null,
          null,
          null,
          null,
          null,
          null,
          12,
          12,
          12,
          null,
          null,
          null,
          12,
          4,
          4,
          null,
          6,
          6,
          null,
          2,
          null,
          2,
          null,
          null,
          2,
          null,
          null,
          6,
          null,
          null,
          18,
          null,
          null,
          1,
          null,
          null,
          null,
          null,
          1,
          null,
          6,
          null,
          1,
          null,
          1,
          null,
          null,
          1,
          null,
          3,
          null,
          0,
          null,
          null,
          6,
          null,
          null,
          null,
          null,
          null,
          1,
          6,
          6,
          null,
          6,
          6,
          null,
          6,
          null,
          null,
          null,
          null,
          null,
          null,
          null,
          null,
          null,
          null,
          null,
          1,
          null,
          6,
          6,
          null,
          6,
          12,
          12,
          null,
          6,
          6,
          null,
          null,
          6,
          null,
          null,
          null,
          null,
          1,
          6,
          null,
          null,
          null,
          6,
          6,
          null,
          0,
          null,
          null,
          null,
          null,
          6,
          null,
          6,
          null,
          null,
          61,
          null,
          null,
          6,
          null,
          null,
          null,
          null,
          null,
          null,
          null,
          1,
          6,
          null,
          8,
          8,
          null,
          0,
          null,
          null,
          null,
          null,
          null,
          null,
          null,
          null,
          null,
          1,
          8,
          2,
          2,
          null,
          null,
          null,
          null,
          null,
          null,
          null,
          null,
          null,
          null
        ],
        "branches": {
          "[:case, 0, 78, 14, 92, 17]": {
            "[:when, 1, 80, 16, 81, 50]": 4,
            "[:when, 2, 83, 16, 84, 78]": 6,
            "[:else, 3, 86, 16, 91, 39]": 2
          },
          "[:if, 4, 84, 16, 84, 78]": {
            "[:then, 5, 84, 31, 84, 53]": 1,
            "[:else, 6, 84, 56, 84, 78]": 5
          },
          "[:case, 7, 107, 12, 119, 15]": {
            "[:when, 8, 109, 14, 109, 61]": 1,
            "[:when, 9, 111, 14, 111, 46]": 1,
            "[:when, 10, 114, 14, 114, 94]": 1,
            "[:when, 11, 116, 14, 116, 34]": 3,
            "[:else, 12, 118, 14, 118, 27]": 0
          },
          "[:unless, 13, 132, 10, 132, 30]": {
            "[:else, 14, 132, 10, 132, 30]": 6,
            "[:then, 15, 132, 10, 132, 19]": 0
          },
          "[:while, 16, 151, 10, 157, 13]": {
            "[:body, 17, 152, 12, 156, 49]": 12
          },
          "[:unless, 18, 153, 12, 153, 40]": {
            "[:else, 19, 153, 12, 153, 40]": 6,
            "[:then, 20, 153, 12, 153, 17]": 6
          },
          "[:if, 21, 170, 12, 170, 55]": {
            "[:then, 22, 170, 12, 170, 38]": 5,
            "[:else, 23, 170, 12, 170, 55]": 1
          },
          "[:if, 24, 177, 10, 177, 73]": {
            "[:then, 25, 177, 10, 177, 46]": 3,
            "[:else, 26, 177, 10, 177, 73]": 3
          },
          "[:if, 27, 185, 10, 185, 55]": {
            "[:then, 28, 185, 29, 185, 38]": 0,
            "[:else, 29, 185, 41, 185, 55]": 6
          },
          "[:unless, 30, 197, 14, 197, 52]": {
            "[:else, 31, 197, 14, 197, 52]": 2,
            "[:then, 32, 197, 14, 197, 24]": 6
          }
        }
      },
      "/home/server-admin/git/hub/rgrb/lib/rgrb/plugins_loader.rb": {
        "lines": [
          null,
          null,
          null,
          1,
          null,
          1,
          null,
          1,
          null,
          1,
          null,
          null,
          null,
          null,
          1,
          3,
          4,
          null,
          null,
          null,
          null,
          null,
          null,
          null,
          null,
          null,
          1,
          3,
          4,
          null,
          null,
          2,
          null,
          null,
          1,
          null,
          null,
          null,
          null,
          null,
          1,
          3,
          null,
          3,
          4,
          null,
          null,
          null,
          null,
          null,
          null,
          null,
          null,
          null,
          null,
          1,
          null,
          4,
          null,
          2,
          1,
          null,
          1,
          null,
          null,
          null,
          2,
          null,
          null,
          null
        ],
        "branches": {
          "[:if, 0, 60, 8, 64, 11]": {
            "[:then, 1, 61, 10, 61, 20]": 1,
            "[:else, 2, 63, 10, 63, 17]": 1
          }
        }
      }
    },
    "timestamp": 1754198372
  }
}
